<?xml version="1.0" encoding="UTF-8"?>
<testsuite xmlns:xsi="http://www.w3.org/2001/XMLSchema-instance" xsi:noNamespaceSchemaLocation="https://maven.apache.org/surefire/maven-surefire-plugin/xsd/surefire-test-report.xsd" name="com.gmail.authorization.AuthorizationTest" time="50.88" tests="13" errors="12" skipped="0" failures="0">
  <properties>
[...]
</properties>
  <testcase name="authWithInvalidLogin[0]" classname="com.gmail.authorization.AuthorizationTest" time="24.934">
    <error type="java.lang.NullPointerException">java.lang.NullPointerException
	at com.gmail.authorization.AuthorizationTest.authWithInvalidLogin(AuthorizationTest.java:31)
</error>
    <system-out><![CDATA[Navigating to https://gmail.com
Navigated to https://gmail.com
]]></system-out>
    <system-err><![CDATA[Starting ChromeDriver 2.33.506120 (e3e53437346286c0bc2d2dc9aa4915ba81d9023f) on port 2037
Only local connections are allowed.
Dec 15, 2017 3:32:10 PM org.openqa.selenium.remote.ProtocolHandshake createSession
INFO: Detected dialect: OSS
]]></system-err>
  </testcase>
  <testcase name="authWithInvalidLogin[0]" classname="com.gmail.authorization.AuthorizationTest" time="0">
    <error type="java.lang.NullPointerException">java.lang.NullPointerException
</error>
  </testcase>
  <testcase name="authWithInvalidLogin[1]" classname="com.gmail.authorization.AuthorizationTest" time="14.909">
    <error type="java.lang.NullPointerException">java.lang.NullPointerException
</error>
    <system-err><![CDATA[1513341126141	geckodriver	INFO	geckodriver 0.19.0
1513341126149	geckodriver	INFO	Listening on 127.0.0.1:26149
1513341126932	mozrunner::runner	INFO	Running command: "C:\\Program Files\\Mozilla Firefox\\firefox.exe" "-marionette" "-profile" "C:\\Users\\IVAN~1.ZIA\\AppData\\Local\\Temp\\rust_mozprofile.pVQ3eJk1LfUO"
1513341127490	addons.xpi	WARN	Error parsing extensions state: [Exception... "Component returned failure code: 0x80520012 (NS_ERROR_FILE_NOT_FOUND) [amIAddonManagerStartup.readStartupData]"  nsresult: "0x80520012 (NS_ERROR_FILE_NOT_FOUND)"  location: "JS frame :: resource://gre/modules/addons/XPIProvider.jsm :: loadExtensionState :: line 1554"  data: no] Stack trace: loadExtensionState()@resource://gre/modules/addons/XPIProvider.jsm:1554 < getInstallState()@resource://gre/modules/addons/XPIProvider.jsm:1589 < checkForChanges()@resource://gre/modules/addons/XPIProvider.jsm:3109 < startup()@resource://gre/modules/addons/XPIProvider.jsm:2188 < callProvider()@resource://gre/modules/AddonManager.jsm:269 < _startProvider()@resource://gre/modules/AddonManager.jsm:739 < startup()@resource://gre/modules/AddonManager.jsm:906 < startup()@resource://gre/modules/AddonManager.jsm:3090 < observe()@jar:file:///C:/Program%20Files/Mozilla%20Firefox/omni.ja!/components/addonManager.js:65
1513341131057	Marionette	INFO	Enabled via --marionette
Unable to read VR Path Registry from C:\Users\ivan.zialinski\AppData\Local\openvr\openvrpaths.vrpath
[Child 16608] WARNING: pipe error: 109: file z:/build/build/src/ipc/chromium/src/chrome/common/ipc_channel_win.cc, line 346
1513341139423	Marionette	INFO	Listening on port 52555
1513341139579	Marionette	WARN	TLS certificate errors will be ignored for this session
1513341139646	Marionette	DEBUG	Register listener.js for window 4294967297
Dec 15, 2017 3:32:19 PM org.openqa.selenium.remote.ProtocolHandshake createSession
INFO: Detected dialect: W3C
Unable to read VR Path Registry from C:\Users\ivan.zialinski\AppData\Local\openvr\openvrpaths.vrpath
JavaScript error: jar:file:///C:/Program%20Files/Mozilla%20Firefox/browser/omni.ja!/components/nsBrowserGlue.js, line 994: TypeError: win is null
]]></system-err>
  </testcase>
  <testcase name="authWithInvalidLogin[1]" classname="com.gmail.authorization.AuthorizationTest" time="0">
    <error type="java.lang.NullPointerException">java.lang.NullPointerException
</error>
  </testcase>
  <testcase name="authWithInvalidLogin[1]" classname="com.gmail.authorization.AuthorizationTest" time="0">
    <error type="java.lang.NullPointerException">java.lang.NullPointerException
</error>
  </testcase>
  <testcase name="authWithInvalidPassword[1]" classname="com.gmail.authorization.AuthorizationTest" time="20.863">
    <error type="java.lang.NullPointerException">java.lang.NullPointerException
</error>
    <system-err><![CDATA[1513341139968	geckodriver	INFO	geckodriver 0.19.0
1513341139980	geckodriver	INFO	Listening on 127.0.0.1:45270
1513341140353	mozrunner::runner	INFO	Running command: "C:\\Program Files\\Mozilla Firefox\\firefox.exe" "-marionette" "-profile" "C:\\Users\\IVAN~1.ZIA\\AppData\\Local\\Temp\\rust_mozprofile.VI91WmFMoaRu"
1513341141315	addons.xpi	WARN	Error parsing extensions state: [Exception... "Component returned failure code: 0x80520012 (NS_ERROR_FILE_NOT_FOUND) [amIAddonManagerStartup.readStartupData]"  nsresult: "0x80520012 (NS_ERROR_FILE_NOT_FOUND)"  location: "JS frame :: resource://gre/modules/addons/XPIProvider.jsm :: loadExtensionState :: line 1554"  data: no] Stack trace: loadExtensionState()@resource://gre/modules/addons/XPIProvider.jsm:1554 < getInstallState()@resource://gre/modules/addons/XPIProvider.jsm:1589 < checkForChanges()@resource://gre/modules/addons/XPIProvider.jsm:3109 < startup()@resource://gre/modules/addons/XPIProvider.jsm:2188 < callProvider()@resource://gre/modules/AddonManager.jsm:269 < _startProvider()@resource://gre/modules/AddonManager.jsm:739 < startup()@resource://gre/modules/AddonManager.jsm:906 < startup()@resource://gre/modules/AddonManager.jsm:3090 < observe()@jar:file:///C:/Program%20Files/Mozilla%20Firefox/omni.ja!/components/addonManager.js:65
1513341145533	Marionette	INFO	Enabled via --marionette
1513341159948	Marionette	INFO	Listening on port 52701
1513341160442	Marionette	WARN	TLS certificate errors will be ignored for this session
1513341160499	Marionette	DEBUG	Register listener.js for window 4294967297
Dec 15, 2017 3:32:40 PM org.openqa.selenium.remote.ProtocolHandshake createSession
INFO: Detected dialect: W3C
]]></system-err>
  </testcase>
  <testcase name="authWithInvalidPassword[1]" classname="com.gmail.authorization.AuthorizationTest" time="0">
    <error type="java.lang.NullPointerException">java.lang.NullPointerException
</error>
  </testcase>
  <testcase name="authWithInvalidPassword[1]" classname="com.gmail.authorization.AuthorizationTest" time="0">
    <error type="java.lang.NullPointerException">java.lang.NullPointerException
</error>
  </testcase>
  <testcase name="authWithInvalidPassword[0]" classname="com.gmail.authorization.AuthorizationTest" time="9.752"/>
  <testcase name="authWithValidData[0]" classname="com.gmail.authorization.AuthorizationTest" time="16.081">
    <error type="java.lang.NullPointerException">java.lang.NullPointerException
	at com.gmail.authorization.AuthorizationTest.authWithValidData(AuthorizationTest.java:18)
</error>
    <system-out><![CDATA[Navigating to https://gmail.com
Navigated to https://gmail.com
]]></system-out>
    <system-err><![CDATA[Starting ChromeDriver 2.33.506120 (e3e53437346286c0bc2d2dc9aa4915ba81d9023f) on port 33908
Only local connections are allowed.
Dec 15, 2017 3:32:42 PM org.openqa.selenium.remote.ProtocolHandshake createSession
INFO: Detected dialect: OSS
]]></system-err>
  </testcase>
  <testcase name="authWithValidData[0]" classname="com.gmail.authorization.AuthorizationTest" time="0">
    <error type="java.lang.NullPointerException">java.lang.NullPointerException
</error>
  </testcase>
  <testcase name="authWithValidData[1]" classname="com.gmail.authorization.AuthorizationTest" time="15.063">
    <error type="java.lang.NullPointerException">java.lang.NullPointerException
</error>
    <system-err><![CDATA[1513341160759	geckodriver	INFO	geckodriver 0.19.0
1513341160768	geckodriver	INFO	Listening on 127.0.0.1:7084
1513341161372	mozrunner::runner	INFO	Running command: "C:\\Program Files\\Mozilla Firefox\\firefox.exe" "-marionette" "-profile" "C:\\Users\\IVAN~1.ZIA\\AppData\\Local\\Temp\\rust_mozprofile.hMc9SYQ3Jl2x"
1513341162500	addons.xpi	WARN	Error parsing extensions state: [Exception... "Component returned failure code: 0x80520012 (NS_ERROR_FILE_NOT_FOUND) [amIAddonManagerStartup.readStartupData]"  nsresult: "0x80520012 (NS_ERROR_FILE_NOT_FOUND)"  location: "JS frame :: resource://gre/modules/addons/XPIProvider.jsm :: loadExtensionState :: line 1554"  data: no] Stack trace: loadExtensionState()@resource://gre/modules/addons/XPIProvider.jsm:1554 < getInstallState()@resource://gre/modules/addons/XPIProvider.jsm:1589 < checkForChanges()@resource://gre/modules/addons/XPIProvider.jsm:3109 < startup()@resource://gre/modules/addons/XPIProvider.jsm:2188 < callProvider()@resource://gre/modules/AddonManager.jsm:269 < _startProvider()@resource://gre/modules/AddonManager.jsm:739 < startup()@resource://gre/modules/AddonManager.jsm:906 < startup()@resource://gre/modules/AddonManager.jsm:3090 < observe()@jar:file:///C:/Program%20Files/Mozilla%20Firefox/omni.ja!/components/addonManager.js:65
1513341168315	Marionette	INFO	Enabled via --marionette
Unable to read VR Path Registry from C:\Users\ivan.zialinski\AppData\Local\openvr\openvrpaths.vrpath
[Child 17944] WARNING: pipe error: 109: file z:/build/build/src/ipc/chromium/src/chrome/common/ipc_channel_win.cc, line 346
[Child 17944] WARNING: pipe error: 109: file z:/build/build/src/ipc/chromium/src/chrome/common/ipc_channel_win.cc, line 346
1513341175156	Marionette	INFO	Listening on port 52953
1513341175591	Marionette	WARN	TLS certificate errors will be ignored for this session
1513341175638	Marionette	DEBUG	Register listener.js for window 4294967297
Dec 15, 2017 3:32:55 PM org.openqa.selenium.remote.ProtocolHandshake createSession
INFO: Detected dialect: W3C
]]></system-err>
  </testcase>
  <testcase name="authWithValidData[1]" classname="com.gmail.authorization.AuthorizationTest" time="0">
    <error type="java.lang.NullPointerException">java.lang.NullPointerException
</error>
  </testcase>
</testsuite>